<?xml version="1.0" encoding="UTF-8"?>
<!-- Generated by org.testng.reporters.JUnitXMLReporter -->
<testsuite ignored="0" hostname="LAPTOP-QCMEKPNB" failures="0" tests="6" name="Default test" time="72.01" errors="0" timestamp="2024-06-24T16:38:38 HOVT">
  <testcase classname="tests.CheckOutTest" name="loginWithStandarUser" time="17.574"/>
  <testcase classname="tests.CheckOutTest" name="checkOutFirstProduct" time="10.626"/>
  <testcase classname="tests.CheckOutTest" name="checkCartDetailAndCheckOut" time="7.746"/>
  <testcase classname="tests.CheckOutTest" name="checkCheckOutInformationPageAndContinue" time="12.365"/>
  <testcase classname="tests.CheckOutTest" name="checkCheckOutOverviewAndFinish" time="13.18"/>
  <testcase classname="tests.CheckOutTest" name="checkCheckOutComplete" time="10.486"/>
</testsuite> <!-- Default test -->
