<?xml version="1.0" encoding="UTF-8"?>
<testng-results ignored="0" total="6" passed="6" failed="0" skipped="0">
  <reporter-output>
  </reporter-output>
  <suite started-at="2024-06-24T16:37:26 HOVT" name="Default suite" finished-at="2024-06-24T16:38:38 HOVT" duration-ms="72010">
    <groups>
    </groups>
    <test started-at="2024-06-24T16:37:26 HOVT" name="Default test" finished-at="2024-06-24T16:38:38 HOVT" duration-ms="72010">
      <class name="tests.CheckOutTest">
        <test-method is-config="true" signature="setup()[pri:0, instance:tests.CheckOutTest@5032714f]" started-at="2024-06-24T16:37:21 HOVT" name="setup" finished-at="2024-06-24T16:37:26 HOVT" duration-ms="5870" status="PASS">
          <reporter-output>
          </reporter-output>
        </test-method> <!-- setup -->
        <test-method signature="loginWithStandarUser()[pri:0, instance:tests.CheckOutTest@5032714f]" started-at="2024-06-24T16:37:26 HOVT" name="loginWithStandarUser" finished-at="2024-06-24T16:37:44 HOVT" duration-ms="17574" status="PASS">
          <reporter-output>
          </reporter-output>
        </test-method> <!-- loginWithStandarUser -->
        <test-method signature="checkOutFirstProduct()[pri:0, instance:tests.CheckOutTest@5032714f]" started-at="2024-06-24T16:37:44 HOVT" name="checkOutFirstProduct" finished-at="2024-06-24T16:37:55 HOVT" depends-on-methods="tests.CheckOutTest.loginWithStandarUser" duration-ms="10626" status="PASS">
          <reporter-output>
          </reporter-output>
        </test-method> <!-- checkOutFirstProduct -->
        <test-method signature="checkCartDetailAndCheckOut()[pri:0, instance:tests.CheckOutTest@5032714f]" started-at="2024-06-24T16:37:55 HOVT" name="checkCartDetailAndCheckOut" finished-at="2024-06-24T16:38:02 HOVT" depends-on-methods="tests.CheckOutTest.checkOutFirstProduct" duration-ms="7746" status="PASS">
          <reporter-output>
          </reporter-output>
        </test-method> <!-- checkCartDetailAndCheckOut -->
        <test-method signature="checkCheckOutInformationPageAndContinue()[pri:0, instance:tests.CheckOutTest@5032714f]" started-at="2024-06-24T16:38:02 HOVT" name="checkCheckOutInformationPageAndContinue" finished-at="2024-06-24T16:38:15 HOVT" depends-on-methods="tests.CheckOutTest.checkCartDetailAndCheckOut" duration-ms="12365" status="PASS">
          <reporter-output>
          </reporter-output>
        </test-method> <!-- checkCheckOutInformationPageAndContinue -->
        <test-method signature="checkCheckOutOverviewAndFinish()[pri:0, instance:tests.CheckOutTest@5032714f]" started-at="2024-06-24T16:38:15 HOVT" name="checkCheckOutOverviewAndFinish" finished-at="2024-06-24T16:38:28 HOVT" depends-on-methods="tests.CheckOutTest.checkCheckOutInformationPageAndContinue" duration-ms="13180" status="PASS">
          <reporter-output>
          </reporter-output>
        </test-method> <!-- checkCheckOutOverviewAndFinish -->
        <test-method signature="checkCheckOutComplete()[pri:0, instance:tests.CheckOutTest@5032714f]" started-at="2024-06-24T16:38:28 HOVT" name="checkCheckOutComplete" finished-at="2024-06-24T16:38:38 HOVT" depends-on-methods="tests.CheckOutTest.checkCheckOutOverviewAndFinish" duration-ms="10486" status="PASS">
          <reporter-output>
          </reporter-output>
        </test-method> <!-- checkCheckOutComplete -->
        <test-method is-config="true" signature="teardown()[pri:0, instance:tests.CheckOutTest@5032714f]" started-at="2024-06-24T16:38:40 HOVT" name="teardown" finished-at="2024-06-24T16:38:40 HOVT" duration-ms="41" status="FAIL">
          <exception class="org.openqa.selenium.UnsupportedCommandException">
            <message>
              <![CDATA[The requested resource could not be found, or a request was received using an HTTP method that is not supported by the mapped resource
Build info: version: '4.22.0', revision: 'c5f3146703*'
System info: os.name: 'Windows 11', os.arch: 'amd64', os.version: '10.0', java.version: '21.0.3'
Driver info: io.appium.java_client.AppiumDriver
Command: [7b0cda4a-f835-4393-8a65-14a04ddc9c17, close {}]
Capabilities {appium:appActivity: com.swaglabsmobileapp.Splas..., appium:appPackage: com.swaglabsmobileapp, appium:automationName: UIAutomator2, appium:databaseEnabled: false, appium:desired: {appActivity: com.swaglabsmobileapp.Splas..., appPackage: com.swaglabsmobileapp, automationName: UIAutomator2, platformName: ANDROID, platformVersion: 11, udid: 29e46e30}, appium:deviceApiLevel: 30, appium:deviceManufacturer: realme, appium:deviceModel: RMX1971, appium:deviceName: 29e46e30, appium:deviceScreenDensity: 480, appium:deviceScreenSize: 1080x2340, appium:deviceUDID: 29e46e30, appium:javascriptEnabled: true, appium:locationContextEnabled: false, appium:networkConnectionEnabled: true, appium:pixelRatio: 3, appium:platformVersion: 11, appium:statBarHeight: 96, appium:takesScreenshot: true, appium:udid: 29e46e30, appium:viewportRect: {height: 2244, left: 0, top: 96, width: 1080}, appium:warnings: {}, appium:webStorageEnabled: false, platformName: ANDROID}
Session ID: 7b0cda4a-f835-4393-8a65-14a04ddc9c17]]>
            </message>
            <full-stacktrace>
              <![CDATA[org.openqa.selenium.UnsupportedCommandException: The requested resource could not be found, or a request was received using an HTTP method that is not supported by the mapped resource
Build info: version: '4.22.0', revision: 'c5f3146703*'
System info: os.name: 'Windows 11', os.arch: 'amd64', os.version: '10.0', java.version: '21.0.3'
Driver info: io.appium.java_client.AppiumDriver
Command: [7b0cda4a-f835-4393-8a65-14a04ddc9c17, close {}]
Capabilities {appium:appActivity: com.swaglabsmobileapp.Splas..., appium:appPackage: com.swaglabsmobileapp, appium:automationName: UIAutomator2, appium:databaseEnabled: false, appium:desired: {appActivity: com.swaglabsmobileapp.Splas..., appPackage: com.swaglabsmobileapp, automationName: UIAutomator2, platformName: ANDROID, platformVersion: 11, udid: 29e46e30}, appium:deviceApiLevel: 30, appium:deviceManufacturer: realme, appium:deviceModel: RMX1971, appium:deviceName: 29e46e30, appium:deviceScreenDensity: 480, appium:deviceScreenSize: 1080x2340, appium:deviceUDID: 29e46e30, appium:javascriptEnabled: true, appium:locationContextEnabled: false, appium:networkConnectionEnabled: true, appium:pixelRatio: 3, appium:platformVersion: 11, appium:statBarHeight: 96, appium:takesScreenshot: true, appium:udid: 29e46e30, appium:viewportRect: {height: 2244, left: 0, top: 96, width: 1080}, appium:warnings: {}, appium:webStorageEnabled: false, platformName: ANDROID}
Session ID: 7b0cda4a-f835-4393-8a65-14a04ddc9c17
at java.base/jdk.internal.reflect.DirectConstructorHandleAccessor.newInstance(DirectConstructorHandleAccessor.java:62)
at java.base/java.lang.reflect.Constructor.newInstanceWithCaller(Constructor.java:502)
at java.base/java.lang.reflect.Constructor.newInstance(Constructor.java:486)
at org.openqa.selenium.remote.ErrorCodec.decode(ErrorCodec.java:167)
at org.openqa.selenium.remote.codec.w3c.W3CHttpResponseCodec.decode(W3CHttpResponseCodec.java:138)
at org.openqa.selenium.remote.codec.w3c.W3CHttpResponseCodec.decode(W3CHttpResponseCodec.java:50)
at org.openqa.selenium.remote.HttpCommandExecutor.execute(HttpCommandExecutor.java:190)
at io.appium.java_client.remote.AppiumCommandExecutor.execute(AppiumCommandExecutor.java:237)
at org.openqa.selenium.remote.RemoteWebDriver.execute(RemoteWebDriver.java:518)
at org.openqa.selenium.remote.RemoteWebDriver.execute(RemoteWebDriver.java:591)
at io.appium.java_client.AppiumDriver.execute(AppiumDriver.java:310)
at org.openqa.selenium.remote.RemoteWebDriver.close(RemoteWebDriver.java:405)
at tests.BaseClass.teardown(BaseClass.java:39)
at java.base/jdk.internal.reflect.DirectMethodHandleAccessor.invoke(DirectMethodHandleAccessor.java:103)
at java.base/java.lang.reflect.Method.invoke(Method.java:580)
at org.testng.internal.invokers.MethodInvocationHelper.invokeMethod(MethodInvocationHelper.java:141)
at org.testng.internal.invokers.MethodInvocationHelper.invokeMethodConsideringTimeout(MethodInvocationHelper.java:71)
at org.testng.internal.invokers.ConfigInvoker.invokeConfigurationMethod(ConfigInvoker.java:400)
at org.testng.internal.invokers.ConfigInvoker.invokeConfigurations(ConfigInvoker.java:333)
at org.testng.SuiteRunner.privateRun(SuiteRunner.java:386)
at org.testng.SuiteRunner.run(SuiteRunner.java:312)
at org.testng.SuiteRunnerWorker.runSuite(SuiteRunnerWorker.java:52)
at org.testng.SuiteRunnerWorker.run(SuiteRunnerWorker.java:95)
at org.testng.TestNG.runSuitesSequentially(TestNG.java:1274)
at org.testng.TestNG.runSuitesLocally(TestNG.java:1208)
at org.testng.TestNG.runSuites(TestNG.java:1112)
at org.testng.TestNG.run(TestNG.java:1079)
at org.testng.remote.AbstractRemoteTestNG.run(AbstractRemoteTestNG.java:115)
at org.testng.remote.RemoteTestNG.initAndRun(RemoteTestNG.java:293)
at org.testng.remote.RemoteTestNG.main(RemoteTestNG.java:91)
]]>
            </full-stacktrace>
          </exception> <!-- org.openqa.selenium.UnsupportedCommandException -->
          <reporter-output>
          </reporter-output>
        </test-method> <!-- teardown -->
      </class> <!-- tests.CheckOutTest -->
    </test> <!-- Default test -->
  </suite> <!-- Default suite -->
</testng-results>
